<?xml version="1.0" encoding="UTF-8"?>
<!-- Generated by org.testng.reporters.JUnitReportReporter -->
<testsuite skipped="0" hostname="LAPTOP-POAGQJIB" name="com.TestScripts.Cart" tests="1" failures="0" timestamp="12 Apr 2020 14:41:28 GMT" time="31.210" errors="0">
  <testcase name="testcase1" time="31.210" classname="com.TestScripts.Cart"/>
</testsuite> <!-- com.TestScripts.Cart -->
