<?xml version="1.0" encoding="UTF-8"?>
<!-- Generated by org.testng.reporters.JUnitReportReporter -->
<testsuite skipped="0" hostname="LAPTOP-POAGQJIB" name="com.TestScripts.TC_signUp_Purchase" tests="1" failures="0" timestamp="16 Apr 2020 18:06:55 GMT" time="69.664" errors="0">
  <testcase name="Testcase_signUp_Purchase" time="69.664" classname="com.TestScripts.TC_signUp_Purchase"/>
</testsuite> <!-- com.TestScripts.TC_signUp_Purchase -->
