<?xml version="1.0" encoding="UTF-8"?>
<!-- Generated by org.testng.reporters.JUnitReportReporter -->
<testsuite skipped="0" hostname="LAPTOP-POAGQJIB" name="com.TestScripts.ContactUs" tests="1" failures="0" timestamp="12 Apr 2020 13:27:02 GMT" time="23.103" errors="0">
  <testcase name="testcase3" time="23.103" classname="com.TestScripts.ContactUs"/>
</testsuite> <!-- com.TestScripts.ContactUs -->
