<?xml version="1.0" encoding="UTF-8"?>
<!-- Generated by org.testng.reporters.JUnitReportReporter -->
<testsuite skipped="0" hostname="LAPTOP-POAGQJIB" name="com.TestScripts.TC_contactUs" tests="1" failures="0" timestamp="16 Apr 2020 18:06:55 GMT" time="54.267" errors="0">
  <testcase name="Test_contactUs" time="54.267" classname="com.TestScripts.TC_contactUs"/>
</testsuite> <!-- com.TestScripts.TC_contactUs -->
