<?xml version="1.0" encoding="UTF-8"?>
<!-- Generated by org.testng.reporters.JUnitReportReporter -->
<testsuite skipped="0" hostname="LAPTOP-POAGQJIB" name="com.TestScripts.Testcase_2" tests="1" failures="0" timestamp="11 Apr 2020 18:37:07 GMT" time="52.120" errors="0">
  <testcase name="testcase1" time="52.120" classname="com.TestScripts.Testcase_2"/>
</testsuite> <!-- com.TestScripts.Testcase_2 -->
